<?xml version="1.0" encoding="UTF-8"?>
<!-- Generated by org.testng.reporters.JUnitXMLReporter -->
<testsuite ignored="0" hostname="LAPTOP-TT08JM1E" failures="0" tests="3" name="Default test" time="24.27" errors="0" timestamp="2022-11-10T21:44:30 IST">
  <testcase classname="testNG.SuiteExample" name="bing" time="4.446"/>
  <testcase classname="testNG.SuiteExample" name="google" time="13.809"/>
  <testcase classname="testNG.SuiteExample" name="yahoo" time="5.967"/>
</testsuite> <!-- Default test -->
