<?xml version="1.0" encoding="UTF-8"?>
<!-- Generated by org.testng.reporters.JUnitXMLReporter -->
<testsuite ignored="1" hostname="LAPTOP-TT08JM1E" failures="0" tests="14" name="Test cases" time="33.477" errors="0" timestamp="2022-11-10T22:24:21 IST">
  <testcase classname="testNG.DependenciesManagement" name="highSchool" time="0.008"/>
  <testcase classname="testNG.DependenciesManagement" name="higherSecondary" time="0.002"/>
  <testcase classname="testNG.DependenciesManagement" name="engineering" time="0.002"/>
  <testcase classname="testNG.DriveACar" name="start" time="0.002"/>
  <testcase classname="testNG.DriveACar" name="first" time="0.004"/>
  <testcase classname="testNG.DriveACar" name="second" time="0.001"/>
  <testcase classname="testNG.DriveACar" name="third" time="0.002"/>
  <testcase classname="testNG.SkipTest" name="start" time="0.001"/>
  <testcase classname="testNG.SkipTest" name="first" time="0.001"/>
  <testcase classname="testNG.SkipTest" name="second" time="0.002"/>
  <testcase classname="testNG.SkipTest" name="third" time="0.001"/>
  <testcase classname="testNG.SuiteExample" name="bing" time="3.803"/>
  <testcase classname="testNG.SuiteExample" name="google" time="23.774"/>
  <testcase classname="testNG.SuiteExample" name="yahoo" time="5.791"/>
  <testcase classname="testNG.SkipTest" name="music" time="0.0">
    <ignored/>
  </testcase> <!-- music -->
</testsuite> <!-- Test cases -->
