<?xml version="1.0" encoding="UTF-8"?>
<testng-results ignored="0" total="2" passed="2" failed="0" skipped="0">
  <reporter-output>
  </reporter-output>
  <suite started-at="2022-11-10T22:31:22 IST" name="Parallel Testing" finished-at="2022-11-10T22:31:36 IST" duration-ms="14303">
    <groups>
    </groups>
    <test started-at="2022-11-10T22:31:22 IST" name="Test" finished-at="2022-11-10T22:31:36 IST" duration-ms="14303">
      <class name="testNG.ParallelTesting">
        <test-method signature="bing()[pri:0, instance:testNG.ParallelTesting@4466af20]" started-at="2022-11-10T22:31:22 IST" name="bing" finished-at="2022-11-10T22:31:32 IST" duration-ms="9986" status="PASS">
          <reporter-output>
          </reporter-output>
        </test-method> <!-- bing -->
        <test-method signature="google()[pri:0, instance:testNG.ParallelTesting@4466af20]" started-at="2022-11-10T22:31:22 IST" name="google" finished-at="2022-11-10T22:31:36 IST" duration-ms="14239" status="PASS">
          <reporter-output>
          </reporter-output>
        </test-method> <!-- google -->
      </class> <!-- testNG.ParallelTesting -->
    </test> <!-- Test -->
  </suite> <!-- Parallel Testing -->
</testng-results>
