<?xml version="1.0" encoding="UTF-8"?>
<!-- Generated by org.testng.reporters.JUnitXMLReporter -->
<testsuite ignored="4" hostname="LAPTOP-TT08JM1E" failures="0" tests="4" name="Test" time="0.087" errors="0" timestamp="2022-11-10T22:19:45 IST">
  <testcase classname="testNG.Grouping" name="apple1" time="0.013"/>
  <testcase classname="testNG.Grouping" name="apple2" time="0.002"/>
  <testcase classname="testNG.Grouping" name="vivo1" time="0.002"/>
  <testcase classname="testNG.Grouping" name="vivo2" time="0.001"/>
  <testcase classname="testNG.Grouping" name="oppo2" time="0.0">
    <ignored/>
  </testcase> <!-- oppo2 -->
  <testcase classname="testNG.Grouping" name="moto1" time="0.0">
    <ignored/>
  </testcase> <!-- moto1 -->
  <testcase classname="testNG.Grouping" name="moto2" time="0.0">
    <ignored/>
  </testcase> <!-- moto2 -->
  <testcase classname="testNG.Grouping" name="oppo1" time="0.0">
    <ignored/>
  </testcase> <!-- oppo1 -->
</testsuite> <!-- Test -->
